C:\USERS\DHEERAJ KHATRI\DESKTOP\NEWONE-4-3-2014\NEWONE\DEBUG\NEWONE.EXE
C:\USERS\DHEERAJ KHATRI\DESKTOP\NEWONE-4-3-2014\NEWONE\DEBUG\NEWONE.ILK
C:\USERS\DHEERAJ KHATRI\DESKTOP\NEWONE-4-3-2014\NEWONE\DEBUG\NEWONE.PDB
C:\USERS\DHEERAJ KHATRI\DESKTOP\NEWONE-4-3-2014\NEWONE\NEWONE\DEBUG\.NETFRAMEWORK,VERSION=V4.0.ASSEMBLYATTRIBUTES.OBJ
C:\USERS\DHEERAJ KHATRI\DESKTOP\NEWONE-4-3-2014\NEWONE\NEWONE\DEBUG\APP.RES
C:\USERS\DHEERAJ KHATRI\DESKTOP\NEWONE-4-3-2014\NEWONE\NEWONE\DEBUG\ASSEMBLYINFO.OBJ
C:\Users\Dheeraj Khatri\Desktop\newone-4-3-2014\newone\newone\Debug\cl.command.1.tlog
C:\Users\Dheeraj Khatri\Desktop\newone-4-3-2014\newone\newone\Debug\CL.read.1.tlog
C:\Users\Dheeraj Khatri\Desktop\newone-4-3-2014\newone\newone\Debug\CL.write.1.tlog
C:\USERS\DHEERAJ KHATRI\DESKTOP\NEWONE-4-3-2014\NEWONE\NEWONE\DEBUG\CUSTOMER.OBJ
C:\Users\Dheeraj Khatri\Desktop\newone-4-3-2014\newone\newone\Debug\link.10216.read.1.tlog
C:\Users\Dheeraj Khatri\Desktop\newone-4-3-2014\newone\newone\Debug\link.10216.write.1.tlog
C:\Users\Dheeraj Khatri\Desktop\newone-4-3-2014\newone\newone\Debug\link.10216-cvtres.read.1.tlog
C:\Users\Dheeraj Khatri\Desktop\newone-4-3-2014\newone\newone\Debug\link.10216-cvtres.write.1.tlog
C:\Users\Dheeraj Khatri\Desktop\newone-4-3-2014\newone\newone\Debug\link.9680.read.1.tlog
C:\Users\Dheeraj Khatri\Desktop\newone-4-3-2014\newone\newone\Debug\link.9680.write.1.tlog
C:\Users\Dheeraj Khatri\Desktop\newone-4-3-2014\newone\newone\Debug\link.9680-cvtres.read.1.tlog
C:\Users\Dheeraj Khatri\Desktop\newone-4-3-2014\newone\newone\Debug\link.9680-cvtres.write.1.tlog
C:\Users\Dheeraj Khatri\Desktop\newone-4-3-2014\newone\newone\Debug\link.9912.read.1.tlog
C:\Users\Dheeraj Khatri\Desktop\newone-4-3-2014\newone\newone\Debug\link.9912.write.1.tlog
C:\Users\Dheeraj Khatri\Desktop\newone-4-3-2014\newone\newone\Debug\link.9912-cvtres.read.1.tlog
C:\Users\Dheeraj Khatri\Desktop\newone-4-3-2014\newone\newone\Debug\link.9912-cvtres.write.1.tlog
C:\Users\Dheeraj Khatri\Desktop\newone-4-3-2014\newone\newone\Debug\link.command.1.tlog
C:\Users\Dheeraj Khatri\Desktop\newone-4-3-2014\newone\newone\Debug\link.read.1.tlog
C:\Users\Dheeraj Khatri\Desktop\newone-4-3-2014\newone\newone\Debug\link.write.1.tlog
C:\USERS\DHEERAJ KHATRI\DESKTOP\NEWONE-4-3-2014\NEWONE\NEWONE\DEBUG\MANAGER.OBJ
C:\Users\Dheeraj Khatri\Desktop\newone-4-3-2014\newone\newone\Debug\mt.command.1.tlog
C:\Users\Dheeraj Khatri\Desktop\newone-4-3-2014\newone\newone\Debug\mt.read.1.tlog
C:\Users\Dheeraj Khatri\Desktop\newone-4-3-2014\newone\newone\Debug\mt.write.1.tlog
C:\Users\Dheeraj Khatri\Desktop\newone-4-3-2014\newone\newone\Debug\newone.Customer.resources
C:\USERS\DHEERAJ KHATRI\DESKTOP\NEWONE-4-3-2014\NEWONE\NEWONE\DEBUG\NEWONE.EXE.INTERMEDIATE.MANIFEST
C:\Users\Dheeraj Khatri\Desktop\newone-4-3-2014\newone\newone\Debug\newone.Form1.resources
C:\Users\Dheeraj Khatri\Desktop\newone-4-3-2014\newone\newone\Debug\newone.Manager.resources
C:\USERS\DHEERAJ KHATRI\DESKTOP\NEWONE-4-3-2014\NEWONE\NEWONE\DEBUG\NEWONE.OBJ
C:\USERS\DHEERAJ KHATRI\DESKTOP\NEWONE-4-3-2014\NEWONE\NEWONE\DEBUG\NEWONE.PCH
C:\Users\Dheeraj Khatri\Desktop\newone-4-3-2014\newone\newone\Debug\newone.vcxproj.GenerateResource.Cache
C:\Users\Dheeraj Khatri\Desktop\newone-4-3-2014\newone\newone\Debug\newone.write.1.tlog
C:\Users\Dheeraj Khatri\Desktop\newone-4-3-2014\newone\newone\Debug\rc.command.1.tlog
C:\Users\Dheeraj Khatri\Desktop\newone-4-3-2014\newone\newone\Debug\rc.read.1.tlog
C:\Users\Dheeraj Khatri\Desktop\newone-4-3-2014\newone\newone\Debug\rc.write.1.tlog
C:\USERS\DHEERAJ KHATRI\DESKTOP\NEWONE-4-3-2014\NEWONE\NEWONE\DEBUG\STDAFX.OBJ
C:\USERS\DHEERAJ KHATRI\DESKTOP\NEWONE-4-3-2014\NEWONE\NEWONE\DEBUG\VC100.PDB
